-------------------------------------------------------------------------------
Test set: com.javaricci.GeracaoCPFCNPJ.ApiRfbWsCnpjTests
-------------------------------------------------------------------------------
Tests run: 1, Failures: 0, Errors: 1, Skipped: 0, Time elapsed: 0.189 s <<< FAILURE! - in com.javaricci.GeracaoCPFCNPJ.ApiRfbWsCnpjTests
com.javaricci.GeracaoCPFCNPJ.ApiRfbWsCnpjTests  Time elapsed: 0.188 s  <<< ERROR!
java.lang.IllegalStateException: Unable to find a @SpringBootConfiguration, you need to use @ContextConfiguration or @SpringBootTest(classes=...) with your test

